###############################################################################
#
# IAR ANSI C/C++ Compiler V7.10.1.6676/W32 for ARM        30/Jan/2016  15:22:29
# Copyright 1999-2014 IAR Systems AB.
#
#    Cpu mode     =  thumb
#    Endian       =  little
#    Source file  =  
#        E:\TCL\PROJECT\SmartHome\资料\freescale\KMSWDRV_EAR2_2\src\drivers\fll\fll.c
#    Command line =  
#        E:\TCL\PROJECT\SmartHome\资料\freescale\KMSWDRV_EAR2_2\src\drivers\fll\fll.c
#        -D NDEBUG -lCN
#        E:\TCL\PROJECT\SmartHome\资料\freescale\KMSWDRV_EAR2_2\build\iar_6_50\projects\_twr_emeter_demo\Release\List\
#        -o
#        E:\TCL\PROJECT\SmartHome\资料\freescale\KMSWDRV_EAR2_2\build\iar_6_50\projects\_twr_emeter_demo\Release\Obj\
#        --debug --endian=little --cpu=Cortex-M0+ --no_mem_idioms -e --fpu=None
#        --dlib_config "D:\Program Files (x86)\IAR Systems\Embedded Workbench
#        7.0\arm\INC\c\DLib_Config_Normal.h" -I
#        E:\TCL\PROJECT\SmartHome\资料\freescale\KMSWDRV_EAR2_2\build\iar_6_50\projects\_twr_emeter_demo\..\..\..\..\build\iar_6_50\fraclib\
#        -I
#        E:\TCL\PROJECT\SmartHome\资料\freescale\KMSWDRV_EAR2_2\build\iar_6_50\projects\_twr_emeter_demo\..\..\..\..\build\iar_6_50\meterlib\
#        -I
#        E:\TCL\PROJECT\SmartHome\资料\freescale\KMSWDRV_EAR2_2\build\iar_6_50\projects\_twr_emeter_demo\..\..\..\..\src\fraclib\
#        -I
#        E:\TCL\PROJECT\SmartHome\资料\freescale\KMSWDRV_EAR2_2\build\iar_6_50\projects\_twr_emeter_demo\..\..\..\..\src\meterlib\
#        -I
#        E:\TCL\PROJECT\SmartHome\资料\freescale\KMSWDRV_EAR2_2\build\iar_6_50\projects\_twr_emeter_demo\..\..\..\..\src\common\
#        -I
#        E:\TCL\PROJECT\SmartHome\资料\freescale\KMSWDRV_EAR2_2\build\iar_6_50\projects\_twr_emeter_demo\..\..\..\..\src\drivers\
#        -I
#        E:\TCL\PROJECT\SmartHome\资料\freescale\KMSWDRV_EAR2_2\build\iar_6_50\projects\_twr_emeter_demo\..\..\..\..\src\freemaster\
#        -I
#        E:\TCL\PROJECT\SmartHome\资料\freescale\KMSWDRV_EAR2_2\build\iar_6_50\projects\_twr_emeter_demo\..\..\..\..\src\projects\_twr_emeter_demo\
#        -Oh --require_prototypes
#    List file    =  
#        E:\TCL\PROJECT\SmartHome\资料\freescale\KMSWDRV_EAR2_2\build\iar_6_50\projects\_twr_emeter_demo\Release\List\fll.lst
#    Object file  =  
#        E:\TCL\PROJECT\SmartHome\资料\freescale\KMSWDRV_EAR2_2\build\iar_6_50\projects\_twr_emeter_demo\Release\Obj\fll.o
#
###############################################################################

E:\TCL\PROJECT\SmartHome\资料\freescale\KMSWDRV_EAR2_2\src\drivers\fll\fll.c
      1          /*****************************************************************************
      2           * (c) Copyright 2010-2013, Freescale Semiconductor Inc.
      3           * ALL RIGHTS RESERVED.
      4           ***************************************************************************//*!
      5           * @file      fll.c
      6           * @version   1.0.2.0
      7           * @date      May-14-2012
      8           * @brief     Frequency-Locked Loop (FLL) driver source code.
      9           ******************************************************************************/
     10          #include "common.h"
     11          #include "fll.h"
     12          
     13          /******************************************************************************
     14           * macro definitions                                                          *
     15           ******************************************************************************/
     16          #define WAIT_FOR_FLAG(reg,name1,name2)                                        \
     17          {                                                                             \
     18            while (((MCG_S&MCG_S_##name2##_MASK)>>MCG_S_##name2##_SHIFT)!=              \
     19                  ((reg&reg##_##name1##_MASK)>>reg##_##name1##_SHIFT));                 \
     20          }
     21          
     22          /******************************************************************************
     23           * Public functions definitions                                               *
     24           ******************************************************************************/
     25          #pragma diag_suppress=Pa082

   \                                 In section .text, align 4, keep-with-next
     26          void FLL_Init (tFLL fll)
     27          {  
   \                     FLL_Init: (+1)
   \   00000000   0xB43B             PUSH     {R0,R1,R3-R5}
     28            MCG_SC = fll.SC;  /* Setup FCRDIV and trimming                              */ 
   \   00000002   0x482B             LDR      R0,??FLL_Init_0  ;; 0x40064000
   \   00000004   0x4669             MOV      R1,SP
   \   00000006   0x7909             LDRB     R1,[R1, #+4]
   \   00000008   0x7201             STRB     R1,[R0, #+8]
     29            MCG_C8 = fll.C8;  
   \   0000000A   0x4669             MOV      R1,SP
   \   0000000C   0x7989             LDRB     R1,[R1, #+6]
   \   0000000E   0x7341             STRB     R1,[R0, #+13]
     30            MCG_C7 = fll.C7;  /* Select MCG FLL external reference clock                */   
   \   00000010   0x4669             MOV      R1,SP
   \   00000012   0x7949             LDRB     R1,[R1, #+5]
   \   00000014   0x7301             STRB     R1,[R0, #+12]
     31            MCG_C2 = fll.C2;  /* Low Power and clock select                             */
   \   00000016   0x4669             MOV      R1,SP
   \   00000018   0x7849             LDRB     R1,[R1, #+1]
   \   0000001A   0x7041             STRB     R1,[R0, #+1]
     32            /* Wait for oscillator initialization if External Reference Clock Selected  */ 
     33            if (MCG_C2 & MCG_C2_EREFS0_MASK) { WAIT_FOR_FLAG (MCG_C2, EREFS0, OSCINIT0); }
   \   0000001C   0x2104             MOVS     R1,#+4
   \   0000001E   0x7842             LDRB     R2,[R0, #+1]
   \   00000020   0x420A             TST      R2,R1
   \   00000022   0xD008             BEQ      ??FLL_Init_1
   \                     ??FLL_Init_2: (+1)
   \   00000024   0x7983             LDRB     R3,[R0, #+6]
   \   00000026   0x2201             MOVS     R2,#+1
   \   00000028   0x085B             LSRS     R3,R3,#+1
   \   0000002A   0x4013             ANDS     R3,R3,R2
   \   0000002C   0x7844             LDRB     R4,[R0, #+1]
   \   0000002E   0x08A4             LSRS     R4,R4,#+2
   \   00000030   0x4022             ANDS     R2,R2,R4
   \   00000032   0x4293             CMP      R3,R2
   \   00000034   0xD1F6             BNE      ??FLL_Init_2
   \                     ??FLL_Init_1: (+1)
   \   00000036   0x466A             MOV      R2,SP
   \   00000038   0x7812             LDRB     R2,[R2, #+0]
   \   0000003A   0x0692             LSLS     R2,R2,#+26
   \   0000003C   0x0E92             LSRS     R2,R2,#+26
   \   0000003E   0x466B             MOV      R3,SP
   \   00000040   0x781B             LDRB     R3,[R3, #+0]
   \   00000042   0x420B             TST      R3,R1
   \   00000044   0xD001             BEQ      ??FLL_Init_3
     34            /* Setup C1 register keeping MCGOUTCLK clocked in either FBI or FBE mode    */
     35            if ((fll.C1 & MCG_C1_IREFS_MASK))         
     36              MCG_C1 = (fll.C1 & ~MCG_C1_CLKS_MASK) | MCG_C1_CLKS(1);     /* FBI mode   */           
   \   00000046   0x2140             MOVS     R1,#+64
   \   00000048   0xE000             B        ??FLL_Init_4
     37            else
     38              MCG_C1 = (fll.C1 & ~MCG_C1_CLKS_MASK) | MCG_C1_CLKS(2);     /* FBE mode   */
   \                     ??FLL_Init_3: (+1)
   \   0000004A   0x2180             MOVS     R1,#+128
   \                     ??FLL_Init_4: (+1)
   \   0000004C   0x4311             ORRS     R1,R1,R2
   \   0000004E   0x7001             STRB     R1,[R0, #+0]
     39            WAIT_FOR_FLAG (MCG_C1, CLKS, CLKST);
   \                     ??FLL_Init_5: (+1)
   \   00000050   0x7982             LDRB     R2,[R0, #+6]
   \   00000052   0x2103             MOVS     R1,#+3
   \   00000054   0x0892             LSRS     R2,R2,#+2
   \   00000056   0x400A             ANDS     R2,R2,R1
   \   00000058   0x7803             LDRB     R3,[R0, #+0]
   \   0000005A   0x099B             LSRS     R3,R3,#+6
   \   0000005C   0x429A             CMP      R2,R3
   \   0000005E   0xD1F7             BNE      ??FLL_Init_5
     40            /* Setup FLL frequency                                                      */ 
     41            MCG_C4 = (MCG_C4 & (MCG_C4_FCTRIM_MASK|MCG_C4_SCFTRIM_MASK)) | fll.C4;
   \   00000060   0x466A             MOV      R2,SP
   \   00000062   0x7892             LDRB     R2,[R2, #+2]
   \   00000064   0x78C3             LDRB     R3,[R0, #+3]
   \   00000066   0x06DB             LSLS     R3,R3,#+27
   \   00000068   0x0EDB             LSRS     R3,R3,#+27
   \   0000006A   0x4313             ORRS     R3,R3,R2
   \   0000006C   0x70C3             STRB     R3,[R0, #+3]
   \   0000006E   0x2360             MOVS     R3,#+96
     42            /* Wait until FLL frequency settles                                         */
     43            while ((MCG_C4 & MCG_C4_DRST_DRS_MASK) != (fll.C4 & MCG_C4_DRST_DRS_MASK)); 
   \                     ??FLL_Init_6: (+1)
   \   00000070   0x78C4             LDRB     R4,[R0, #+3]
   \   00000072   0x401C             ANDS     R4,R4,R3
   \   00000074   0x2560             MOVS     R5,#+96
   \   00000076   0x4015             ANDS     R5,R5,R2
   \   00000078   0x42AC             CMP      R4,R5
   \   0000007A   0xD1F9             BNE      ??FLL_Init_6
     44            MCG_C6 = fll.C6;  /* Choose FLL as MCG source                               */ 
   \   0000007C   0x466A             MOV      R2,SP
   \   0000007E   0x78D2             LDRB     R2,[R2, #+3]
   \   00000080   0x7142             STRB     R2,[R0, #+5]
     45            MCG_C1 = fll.C1;  /* Switch MCGOUTCLK clock source                          */   
   \   00000082   0x466A             MOV      R2,SP
   \   00000084   0x7812             LDRB     R2,[R2, #+0]
   \   00000086   0x7002             STRB     R2,[R0, #+0]
     46            WAIT_FOR_FLAG (MCG_C1, CLKS, CLKST);
   \                     ??FLL_Init_7: (+1)
   \   00000088   0x7982             LDRB     R2,[R0, #+6]
   \   0000008A   0x0892             LSRS     R2,R2,#+2
   \   0000008C   0x400A             ANDS     R2,R2,R1
   \   0000008E   0x7803             LDRB     R3,[R0, #+0]
   \   00000090   0x099B             LSRS     R3,R3,#+6
   \   00000092   0x429A             CMP      R2,R3
   \   00000094   0xD1F8             BNE      ??FLL_Init_7
     47            if (MCG_C1 & MCG_C1_IRCLKEN_MASK) { WAIT_FOR_FLAG (MCG_C2, IRCS, IRCST); }
   \   00000096   0x7801             LDRB     R1,[R0, #+0]
   \   00000098   0x0789             LSLS     R1,R1,#+30
   \   0000009A   0xD506             BPL      ??FLL_Init_8
   \                     ??FLL_Init_9: (+1)
   \   0000009C   0x7981             LDRB     R1,[R0, #+6]
   \   0000009E   0x2201             MOVS     R2,#+1
   \   000000A0   0x4011             ANDS     R1,R1,R2
   \   000000A2   0x7843             LDRB     R3,[R0, #+1]
   \   000000A4   0x401A             ANDS     R2,R2,R3
   \   000000A6   0x4291             CMP      R1,R2
   \   000000A8   0xD1F8             BNE      ??FLL_Init_9
     48          }
   \                     ??FLL_Init_8: (+1)
   \   000000AA   0xB003             ADD      SP,SP,#+12
   \   000000AC   0xBC30             POP      {R4,R5}
   \   000000AE   0x4770             BX       LR               ;; return
   \                     ??FLL_Init_0:
   \   000000B0   0x40064000         DC32     0x40064000
     49          /******************************************************************************
     50           * End of module                                                              *
     51           ******************************************************************************/

   Maximum stack usage in bytes:

   .cstack Function
   ------- --------
      20   FLL_Init


   Section sizes:

   Bytes  Function/Label
   -----  --------------
     180  FLL_Init

 
 180 bytes in section .text
 
 180 bytes of CODE memory

Errors: none
Warnings: none
