###############################################################################
#
# IAR ANSI C/C++ Compiler V7.10.1.6676/W32 for ARM        30/Jan/2016  15:22:35
# Copyright 1999-2014 IAR Systems AB.
#
#    Cpu mode     =  thumb
#    Endian       =  little
#    Source file  =  
#        E:\TCL\PROJECT\SmartHome\资料\freescale\KMSWDRV_EAR2_2\src\drivers\sim\sim.c
#    Command line =  
#        E:\TCL\PROJECT\SmartHome\资料\freescale\KMSWDRV_EAR2_2\src\drivers\sim\sim.c
#        -D NDEBUG -lCN
#        E:\TCL\PROJECT\SmartHome\资料\freescale\KMSWDRV_EAR2_2\build\iar_6_50\projects\_twr_emeter_demo\Release\List\
#        -o
#        E:\TCL\PROJECT\SmartHome\资料\freescale\KMSWDRV_EAR2_2\build\iar_6_50\projects\_twr_emeter_demo\Release\Obj\
#        --debug --endian=little --cpu=Cortex-M0+ --no_mem_idioms -e --fpu=None
#        --dlib_config "D:\Program Files (x86)\IAR Systems\Embedded Workbench
#        7.0\arm\INC\c\DLib_Config_Normal.h" -I
#        E:\TCL\PROJECT\SmartHome\资料\freescale\KMSWDRV_EAR2_2\build\iar_6_50\projects\_twr_emeter_demo\..\..\..\..\build\iar_6_50\fraclib\
#        -I
#        E:\TCL\PROJECT\SmartHome\资料\freescale\KMSWDRV_EAR2_2\build\iar_6_50\projects\_twr_emeter_demo\..\..\..\..\build\iar_6_50\meterlib\
#        -I
#        E:\TCL\PROJECT\SmartHome\资料\freescale\KMSWDRV_EAR2_2\build\iar_6_50\projects\_twr_emeter_demo\..\..\..\..\src\fraclib\
#        -I
#        E:\TCL\PROJECT\SmartHome\资料\freescale\KMSWDRV_EAR2_2\build\iar_6_50\projects\_twr_emeter_demo\..\..\..\..\src\meterlib\
#        -I
#        E:\TCL\PROJECT\SmartHome\资料\freescale\KMSWDRV_EAR2_2\build\iar_6_50\projects\_twr_emeter_demo\..\..\..\..\src\common\
#        -I
#        E:\TCL\PROJECT\SmartHome\资料\freescale\KMSWDRV_EAR2_2\build\iar_6_50\projects\_twr_emeter_demo\..\..\..\..\src\drivers\
#        -I
#        E:\TCL\PROJECT\SmartHome\资料\freescale\KMSWDRV_EAR2_2\build\iar_6_50\projects\_twr_emeter_demo\..\..\..\..\src\freemaster\
#        -I
#        E:\TCL\PROJECT\SmartHome\资料\freescale\KMSWDRV_EAR2_2\build\iar_6_50\projects\_twr_emeter_demo\..\..\..\..\src\projects\_twr_emeter_demo\
#        -Oh --require_prototypes
#    List file    =  
#        E:\TCL\PROJECT\SmartHome\资料\freescale\KMSWDRV_EAR2_2\build\iar_6_50\projects\_twr_emeter_demo\Release\List\sim.lst
#    Object file  =  
#        E:\TCL\PROJECT\SmartHome\资料\freescale\KMSWDRV_EAR2_2\build\iar_6_50\projects\_twr_emeter_demo\Release\Obj\sim.o
#
###############################################################################

E:\TCL\PROJECT\SmartHome\资料\freescale\KMSWDRV_EAR2_2\src\drivers\sim\sim.c
      1          /*****************************************************************************
      2           * (c) Copyright 2010-2013, Freescale Semiconductor Inc.
      3           * ALL RIGHTS RESERVED.
      4           ***************************************************************************//*!
      5           * @file      sim.c
      6           * @version   1.0.3.0
      7           * @date      Jun-07-2013
      8           * @brief     System Integration Module (SIM) driver source code.
      9           ******************************************************************************/
     10          #include "common.h"
     11          #include "sim.h"
     12          /******************************************************************************
     13           * Public function definitions                                                *
     14           ******************************************************************************/
     15          /******************************************************************************
     16           * End of module                                                              *
     17           ******************************************************************************/


 

 


Errors: none
Warnings: none
