###############################################################################
#
# IAR ANSI C/C++ Compiler V7.10.1.6676/W32 for ARM        30/Jan/2016  15:22:36
# Copyright 1999-2014 IAR Systems AB.
#
#    Cpu mode     =  thumb
#    Endian       =  little
#    Source file  =  
#        E:\TCL\PROJECT\SmartHome\资料\freescale\KMSWDRV_EAR2_2\src\drivers\smc\smc.c
#    Command line =  
#        E:\TCL\PROJECT\SmartHome\资料\freescale\KMSWDRV_EAR2_2\src\drivers\smc\smc.c
#        -D NDEBUG -lCN
#        E:\TCL\PROJECT\SmartHome\资料\freescale\KMSWDRV_EAR2_2\build\iar_6_50\projects\_twr_emeter_demo\Release\List\
#        -o
#        E:\TCL\PROJECT\SmartHome\资料\freescale\KMSWDRV_EAR2_2\build\iar_6_50\projects\_twr_emeter_demo\Release\Obj\
#        --debug --endian=little --cpu=Cortex-M0+ --no_mem_idioms -e --fpu=None
#        --dlib_config "D:\Program Files (x86)\IAR Systems\Embedded Workbench
#        7.0\arm\INC\c\DLib_Config_Normal.h" -I
#        E:\TCL\PROJECT\SmartHome\资料\freescale\KMSWDRV_EAR2_2\build\iar_6_50\projects\_twr_emeter_demo\..\..\..\..\build\iar_6_50\fraclib\
#        -I
#        E:\TCL\PROJECT\SmartHome\资料\freescale\KMSWDRV_EAR2_2\build\iar_6_50\projects\_twr_emeter_demo\..\..\..\..\build\iar_6_50\meterlib\
#        -I
#        E:\TCL\PROJECT\SmartHome\资料\freescale\KMSWDRV_EAR2_2\build\iar_6_50\projects\_twr_emeter_demo\..\..\..\..\src\fraclib\
#        -I
#        E:\TCL\PROJECT\SmartHome\资料\freescale\KMSWDRV_EAR2_2\build\iar_6_50\projects\_twr_emeter_demo\..\..\..\..\src\meterlib\
#        -I
#        E:\TCL\PROJECT\SmartHome\资料\freescale\KMSWDRV_EAR2_2\build\iar_6_50\projects\_twr_emeter_demo\..\..\..\..\src\common\
#        -I
#        E:\TCL\PROJECT\SmartHome\资料\freescale\KMSWDRV_EAR2_2\build\iar_6_50\projects\_twr_emeter_demo\..\..\..\..\src\drivers\
#        -I
#        E:\TCL\PROJECT\SmartHome\资料\freescale\KMSWDRV_EAR2_2\build\iar_6_50\projects\_twr_emeter_demo\..\..\..\..\src\freemaster\
#        -I
#        E:\TCL\PROJECT\SmartHome\资料\freescale\KMSWDRV_EAR2_2\build\iar_6_50\projects\_twr_emeter_demo\..\..\..\..\src\projects\_twr_emeter_demo\
#        -Oh --require_prototypes
#    List file    =  
#        E:\TCL\PROJECT\SmartHome\资料\freescale\KMSWDRV_EAR2_2\build\iar_6_50\projects\_twr_emeter_demo\Release\List\smc.lst
#    Object file  =  
#        E:\TCL\PROJECT\SmartHome\资料\freescale\KMSWDRV_EAR2_2\build\iar_6_50\projects\_twr_emeter_demo\Release\Obj\smc.o
#
###############################################################################

E:\TCL\PROJECT\SmartHome\资料\freescale\KMSWDRV_EAR2_2\src\drivers\smc\smc.c
      1          /*****************************************************************************
      2           * (c) Copyright 2010-2013, Freescale Semiconductor Inc.
      3           * ALL RIGHTS RESERVED.
      4           ***************************************************************************//*!
      5           * @file      smc.c
      6           * @version   1.0.3.0
      7           * @date      May-14-2012
      8           * @brief     System Mode Controller (SMC) driver source code.
      9           ******************************************************************************/
     10          #include "common.h"
     11          #include "smc.h"
     12          /******************************************************************************
     13           * End of module                                                              *
     14           ******************************************************************************/


 

 


Errors: none
Warnings: none
