E:\TCL\PROJECT\SmartHome\soft\comm\comm\Debug\cl.command.1.tlog
E:\TCL\PROJECT\SmartHome\soft\comm\comm\Debug\CL.read.1.tlog
E:\TCL\PROJECT\SmartHome\soft\comm\comm\Debug\CL.write.1.tlog
E:\TCL\PROJECT\SMARTHOME\SOFT\COMM\COMM\DEBUG\COMM.EXE.INTERMEDIATE.MANIFEST
E:\TCL\PROJECT\SMARTHOME\SOFT\COMM\COMM\DEBUG\COMM.OBJ
E:\TCL\PROJECT\SMARTHOME\SOFT\COMM\COMM\DEBUG\COMM.PCH
E:\TCL\PROJECT\SMARTHOME\SOFT\COMM\COMM\DEBUG\COMM.RES
E:\TCL\PROJECT\SmartHome\soft\comm\comm\Debug\comm.vcxprojResolveAssemblyReference.cache
E:\TCL\PROJECT\SmartHome\soft\comm\comm\Debug\comm.write.1.tlog
E:\TCL\PROJECT\SMARTHOME\SOFT\COMM\COMM\DEBUG\COMMDLG.OBJ
E:\TCL\PROJECT\SmartHome\soft\comm\comm\Debug\link.480.read.1.tlog
E:\TCL\PROJECT\SmartHome\soft\comm\comm\Debug\link.480.write.1.tlog
E:\TCL\PROJECT\SmartHome\soft\comm\comm\Debug\link.480-cvtres.read.1.tlog
E:\TCL\PROJECT\SmartHome\soft\comm\comm\Debug\link.480-cvtres.write.1.tlog
E:\TCL\PROJECT\SmartHome\soft\comm\comm\Debug\link.7932.read.1.tlog
E:\TCL\PROJECT\SmartHome\soft\comm\comm\Debug\link.7932.write.1.tlog
E:\TCL\PROJECT\SmartHome\soft\comm\comm\Debug\link.7932-cvtres.read.1.tlog
E:\TCL\PROJECT\SmartHome\soft\comm\comm\Debug\link.7932-cvtres.write.1.tlog
E:\TCL\PROJECT\SmartHome\soft\comm\comm\Debug\link.command.1.tlog
E:\TCL\PROJECT\SmartHome\soft\comm\comm\Debug\link.read.1.tlog
E:\TCL\PROJECT\SmartHome\soft\comm\comm\Debug\link.write.1.tlog
E:\TCL\PROJECT\SmartHome\soft\comm\comm\Debug\link-cvtres.read.1.tlog
E:\TCL\PROJECT\SmartHome\soft\comm\comm\Debug\link-cvtres.write.1.tlog
E:\TCL\PROJECT\SMARTHOME\SOFT\COMM\COMM\DEBUG\MDCTEXT.OBJ
E:\TCL\PROJECT\SmartHome\soft\comm\comm\Debug\mt.command.1.tlog
E:\TCL\PROJECT\SmartHome\soft\comm\comm\Debug\mt.read.1.tlog
E:\TCL\PROJECT\SmartHome\soft\comm\comm\Debug\mt.write.1.tlog
E:\TCL\PROJECT\SmartHome\soft\comm\comm\Debug\rc.command.1.tlog
E:\TCL\PROJECT\SmartHome\soft\comm\comm\Debug\rc.read.1.tlog
E:\TCL\PROJECT\SmartHome\soft\comm\comm\Debug\rc.write.1.tlog
E:\TCL\PROJECT\SMARTHOME\SOFT\COMM\COMM\DEBUG\STDAFX.OBJ
E:\TCL\PROJECT\SMARTHOME\SOFT\COMM\COMM\DEBUG\SUPERSP.OBJ
E:\TCL\PROJECT\SmartHome\soft\comm\comm\Debug\vc100.idb
E:\TCL\PROJECT\SMARTHOME\SOFT\COMM\COMM\DEBUG\VC100.PDB
E:\TCL\PROJECT\SMARTHOME\SOFT\COMM\DEBUG\COMM.EXE
E:\TCL\PROJECT\SMARTHOME\SOFT\COMM\DEBUG\COMM.EXE.MANIFEST
E:\TCL\PROJECT\SMARTHOME\SOFT\COMM\DEBUG\COMM.ILK
E:\TCL\PROJECT\SMARTHOME\SOFT\COMM\DEBUG\COMM.PDB
