生成启动时间为 2016/3/3 11:36:24。
     1>项目“E:\TCL\PROJECT\SmartHome\soft\comm\comm\comm.vcxproj”在节点 2 上(build 个目标)。
     1>InitializeBuildStatus:
         正在创建“Debug\comm.unsuccessfulbuild”，因为已指定“AlwaysCreate”。
       ClCompile:
         所有输出均为最新。
         C:\Program Files (x86)\Microsoft Visual Studio 10.0\VC\bin\CL.exe /c /ZI /nologo /W3 /WX- /Od /Oy- /D WIN32 /D _WINDOWS /D _DEBUG /D _CRT_SECURE_NO_WARNINGS /Gm /EHsc /RTC1 /MTd /GS /fp:precise /Zc:wchar_t /Zc:forScope /Yu"StdAfx.h" /Fp"Debug\comm.pch" /Fo"Debug\\" /Fd"Debug\vc100.pdb" /Gd /TP /analyze- /errorReport:prompt superSP.cpp
         superSP.cpp
     1>e:\tcl\project\smarthome\soft\comm\comm\supersp.cpp(462): warning C4101: “wV”: 未引用的局部变量
       ResourceCompile:
         所有输出均为最新。
       Link:
         C:\Program Files (x86)\Microsoft Visual Studio 10.0\VC\bin\link.exe /ERRORREPORT:PROMPT /OUT:"E:\TCL\PROJECT\SmartHome\soft\comm\Debug\comm.exe" /INCREMENTAL /NOLOGO /MANIFEST /ManifestFile:"Debug\comm.exe.intermediate.manifest" /MANIFESTUAC:"level='asInvoker' uiAccess='false'" /DEBUG /PDB:"E:\TCL\PROJECT\SmartHome\soft\comm\Debug\comm.pdb" /SUBSYSTEM:WINDOWS /TLBID:1 /DYNAMICBASE /NXCOMPAT /IMPLIB:"E:\TCL\PROJECT\SmartHome\soft\comm\Debug\comm.lib" /MACHINE:X86 Debug\comm.res
         Debug\CMyButton.obj
         Debug\comm.obj
         Debug\commDlg.obj
         Debug\mdctext.obj
         Debug\stdafx.obj
         Debug\superSP.obj
         comm.vcxproj -> E:\TCL\PROJECT\SmartHome\soft\comm\Debug\comm.exe
       Manifest:
         C:\Program Files (x86)\Microsoft SDKs\Windows\v7.0A\bin\mt.exe /nologo /verbose /out:"E:\TCL\PROJECT\SmartHome\soft\comm\Debug\comm.exe.manifest" /manifest Debug\comm.exe.intermediate.manifest "C:\Program Files (x86)\Microsoft Visual Studio 10.0\VC\Include\Manifest\dpiaware.manifest"
       FinalizeBuildStatus:
         正在删除文件“Debug\comm.unsuccessfulbuild”。
         正在对“Debug\comm.lastbuildstate”执行 Touch 任务。
     1>已完成生成项目“E:\TCL\PROJECT\SmartHome\soft\comm\comm\comm.vcxproj”(build 个目标)的操作。

生成成功。

已用时间 00:00:00.65
